Line 15: Class MSDataGridLib.DataGrid of control DataGrid1 was not a loaded control class.
Line 17: The property name Bindings in DataGrid1 is invalid.
Line 23: The property name _ExtentX in DataGrid1 is invalid.
Line 24: The property name _ExtentY in DataGrid1 is invalid.
Line 25: The property name _Version in DataGrid1 is invalid.
Line 26: The property name AllowUpdate in DataGrid1 is invalid.
Line 27: The property name HeadLines in DataGrid1 is invalid.
Line 28: The property name RowHeight in DataGrid1 is invalid.
Line 29: The property name TabAction in DataGrid1 is invalid.
Line 30: The property name AllowAddNew in DataGrid1 is invalid.
Line 31: The property name AllowDelete in DataGrid1 is invalid.
Line 40: The property name HeadFont in DataGrid1 is invalid.
Line 50: The property name ColumnCount in DataGrid1 is invalid.
Line 63: The property name Column00 in DataGrid1 is invalid.
Line 76: The property name Column01 in DataGrid1 is invalid.
Line 77: The property name SplitCount in DataGrid1 is invalid.
Line 83: The property name Split0 in DataGrid1 is invalid.
Line 17: The property name Bindings in DataGrid1 is invalid.
Line 23: The property name _ExtentX in DataGrid1 is invalid.
Line 24: The property name _ExtentY in DataGrid1 is invalid.
Line 25: The property name _Version in DataGrid1 is invalid.
Line 26: The property name AllowUpdate in DataGrid1 is invalid.
Line 27: The property name HeadLines in DataGrid1 is invalid.
Line 28: The property name RowHeight in DataGrid1 is invalid.
Line 29: The property name TabAction in DataGrid1 is invalid.
Line 30: The property name AllowAddNew in DataGrid1 is invalid.
Line 31: The property name AllowDelete in DataGrid1 is invalid.
Line 40: The property name HeadFont in DataGrid1 is invalid.
Line 50: The property name ColumnCount in DataGrid1 is invalid.
Line 63: The property name Column00 in DataGrid1 is invalid.
Line 76: The property name Column01 in DataGrid1 is invalid.
Line 77: The property name SplitCount in DataGrid1 is invalid.
Line 83: The property name Split0 in DataGrid1 is invalid.
Line 17: The property name Bindings in DataGrid1 is invalid.
Line 23: The property name _ExtentX in DataGrid1 is invalid.
Line 24: The property name _ExtentY in DataGrid1 is invalid.
Line 25: The property name _Version in DataGrid1 is invalid.
Line 26: The property name AllowUpdate in DataGrid1 is invalid.
Line 27: The property name HeadLines in DataGrid1 is invalid.
Line 28: The property name RowHeight in DataGrid1 is invalid.
Line 29: The property name TabAction in DataGrid1 is invalid.
Line 30: The property name AllowAddNew in DataGrid1 is invalid.
Line 31: The property name AllowDelete in DataGrid1 is invalid.
Line 40: The property name HeadFont in DataGrid1 is invalid.
Line 50: The property name ColumnCount in DataGrid1 is invalid.
Line 63: The property name Column00 in DataGrid1 is invalid.
Line 76: The property name Column01 in DataGrid1 is invalid.
Line 77: The property name SplitCount in DataGrid1 is invalid.
Line 83: The property name Split0 in DataGrid1 is invalid.
